Base path: 'C:/Program Files/Unity/Hub/Editor/2021.3.11f1/Editor/Data', plugins path 'C:/Program Files/Unity/Hub/Editor/2021.3.11f1/Editor/Data/PlaybackEngines'
Cmd: initializeCompiler

Cmd: compileComputeKernel
  insize=5427 file=Assets/ParticleTest/Simulator.compute kernel=Diffuse cachingPP=1 ppOnly=0 stripLineD=0 buildPlatform=19 km=<UNITY_VERSION=202139> pKW=UNITY_ENABLE_REFLECTION_BUFFERS UNITY_USE_DITHER_MASK_FOR_ALPHABLENDED_SHADOWS UNITY_PBS_USE_BRDF1 UNITY_SPECCUBE_BOX_PROJECTION UNITY_SPECCUBE_BLENDING UNITY_ENABLE_DETAIL_NORMALMAP SHADER_API_DESKTOP UNITY_LIGHT_PROBE_PROXY_VOLUME UNITY_LIGHTMAP_FULL_HDR uKW=SHADER_STAGE_COMPUTE platform=d3d11 flags=0 reqs=16385 forceDXC=0 forceFXC=0  error: 1 plat 4 at Simulator.compute(115): 'UnNormalizeVelocity': implicit truncation of vector type
  error: 1 plat 4 at Simulator.compute(146): signed/unsigned mismatch, unsigned assumed
  error: 1 plat 4 at Simulator.compute(147): signed/unsigned mismatch, unsigned assumed
  error: 1 plat 4 at Simulator.compute(148): signed/unsigned mismatch, unsigned assumed
  error: 1 plat 4 at Simulator.compute(182): signed/unsigned mismatch, unsigned assumed
  error: 1 plat 4 at Simulator.compute(183): signed/unsigned mismatch, unsigned assumed
  error: 1 plat 4 at Simulator.compute(184): signed/unsigned mismatch, unsigned assumed
 ok=1 outsize=2233

Cmd: compileComputeKernel
  insize=5559 file=Assets/ParticleTest/Simulator.compute kernel=Vortex cachingPP=1 ppOnly=0 stripLineD=0 buildPlatform=19 km=<UNITY_VERSION=202139> pKW=UNITY_ENABLE_REFLECTION_BUFFERS UNITY_USE_DITHER_MASK_FOR_ALPHABLENDED_SHADOWS UNITY_PBS_USE_BRDF1 UNITY_SPECCUBE_BOX_PROJECTION UNITY_SPECCUBE_BLENDING UNITY_ENABLE_DETAIL_NORMALMAP SHADER_API_DESKTOP UNITY_LIGHT_PROBE_PROXY_VOLUME UNITY_LIGHTMAP_FULL_HDR uKW=SHADER_STAGE_COMPUTE platform=d3d11 flags=0 reqs=16385 forceDXC=0 forceFXC=0  error: 1 plat 4 at Simulator.compute(119): 'UnNormalizeVelocity': implicit truncation of vector type
  error: 1 plat 4 at Simulator.compute(150): signed/unsigned mismatch, unsigned assumed
  error: 1 plat 4 at Simulator.compute(151): signed/unsigned mismatch, unsigned assumed
  error: 1 plat 4 at Simulator.compute(152): signed/unsigned mismatch, unsigned assumed
  error: 1 plat 4 at Simulator.compute(186): signed/unsigned mismatch, unsigned assumed
  error: 1 plat 4 at Simulator.compute(187): signed/unsigned mismatch, unsigned assumed
  error: 1 plat 4 at Simulator.compute(188): signed/unsigned mismatch, unsigned assumed
 ok=1 outsize=223

Cmd: compileComputeKernel
  insize=5517 file=Assets/ParticleTest/Simulator.compute kernel=Diffuse cachingPP=1 ppOnly=0 stripLineD=0 buildPlatform=19 km=<UNITY_VERSION=202139> pKW=UNITY_ENABLE_REFLECTION_BUFFERS UNITY_USE_DITHER_MASK_FOR_ALPHABLENDED_SHADOWS UNITY_PBS_USE_BRDF1 UNITY_SPECCUBE_BOX_PROJECTION UNITY_SPECCUBE_BLENDING UNITY_ENABLE_DETAIL_NORMALMAP SHADER_API_DESKTOP UNITY_LIGHT_PROBE_PROXY_VOLUME UNITY_LIGHTMAP_FULL_HDR uKW=SHADER_STAGE_COMPUTE platform=d3d11 flags=0 reqs=16385 forceDXC=0 forceFXC=0  error: 1 plat 4 at Simulator.compute(117): 'UnNormalizeVelocity': implicit truncation of vector type
  error: 1 plat 4 at Simulator.compute(148): signed/unsigned mismatch, unsigned assumed
  error: 1 plat 4 at Simulator.compute(149): signed/unsigned mismatch, unsigned assumed
  error: 1 plat 4 at Simulator.compute(150): signed/unsigned mismatch, unsigned assumed
  error: 1 plat 4 at Simulator.compute(184): signed/unsigned mismatch, unsigned assumed
  error: 1 plat 4 at Simulator.compute(185): signed/unsigned mismatch, unsigned assumed
  error: 1 plat 4 at Simulator.compute(186): signed/unsigned mismatch, unsigned assumed
 ok=1 outsize=2233

Cmd: compileComputeKernel
  insize=5512 file=Assets/ParticleTest/Simulator.compute kernel=Project cachingPP=1 ppOnly=0 stripLineD=0 buildPlatform=19 km=<UNITY_VERSION=202139> pKW=UNITY_ENABLE_REFLECTION_BUFFERS UNITY_USE_DITHER_MASK_FOR_ALPHABLENDED_SHADOWS UNITY_PBS_USE_BRDF1 UNITY_SPECCUBE_BOX_PROJECTION UNITY_SPECCUBE_BLENDING UNITY_ENABLE_DETAIL_NORMALMAP SHADER_API_DESKTOP UNITY_LIGHT_PROBE_PROXY_VOLUME UNITY_LIGHTMAP_FULL_HDR uKW=SHADER_STAGE_COMPUTE platform=d3d11 flags=0 reqs=16385 forceDXC=0 forceFXC=0  error: 1 plat 4 at Simulator.compute(117): 'UnNormalizeVelocity': implicit truncation of vector type
  error: 1 plat 4 at Simulator.compute(148): signed/unsigned mismatch, unsigned assumed
  error: 1 plat 4 at Simulator.compute(149): signed/unsigned mismatch, unsigned assumed
  error: 1 plat 4 at Simulator.compute(150): signed/unsigned mismatch, unsigned assumed
  error: 1 plat 4 at Simulator.compute(184): signed/unsigned mismatch, unsigned assumed
  error: 1 plat 4 at Simulator.compute(185): signed/unsigned mismatch, unsigned assumed
  error: 1 plat 4 at Simulator.compute(186): signed/unsigned mismatch, unsigned assumed
 ok=1 outsize=224

Cmd: compileComputeKernel
  insize=4965 file=Assets/ParticleTest/Simulator.compute kernel=AddSource cachingPP=1 ppOnly=0 stripLineD=0 buildPlatform=19 km=<UNITY_VERSION=202139> pKW=UNITY_ENABLE_REFLECTION_BUFFERS UNITY_USE_DITHER_MASK_FOR_ALPHABLENDED_SHADOWS UNITY_PBS_USE_BRDF1 UNITY_SPECCUBE_BOX_PROJECTION UNITY_SPECCUBE_BLENDING UNITY_ENABLE_DETAIL_NORMALMAP SHADER_API_DESKTOP UNITY_LIGHT_PROBE_PROXY_VOLUME UNITY_LIGHTMAP_FULL_HDR uKW=SHADER_STAGE_COMPUTE platform=d3d11 flags=0 reqs=16385 forceDXC=0 forceFXC=0  error: 1 plat 4 at Simulator.compute(101): 'UnNormalizeVelocity': implicit truncation of vector type
  error: 1 plat 4 at Simulator.compute(132): signed/unsigned mismatch, unsigned assumed
  error: 1 plat 4 at Simulator.compute(133): signed/unsigned mismatch, unsigned assumed
  error: 1 plat 4 at Simulator.compute(134): signed/unsigned mismatch, unsigned assumed
  error: 1 plat 4 at Simulator.compute(168): signed/unsigned mismatch, unsigned assumed
  error: 1 plat 4 at Simulator.compute(169): signed/unsigned mismatch, unsigned assumed
  error: 1 plat 4 at Simulator.compute(170): signed/unsigned mismatch, unsigned assumed
 ok=1 outsize=11242

Cmd: compileComputeKernel
  insize=8564 file=Assets/ParticleTest/Simulator.compute kernel=Project cachingPP=1 ppOnly=0 stripLineD=0 buildPlatform=19 km=<UNITY_VERSION=202139> pKW=UNITY_ENABLE_REFLECTION_BUFFERS UNITY_USE_DITHER_MASK_FOR_ALPHABLENDED_SHADOWS UNITY_PBS_USE_BRDF1 UNITY_SPECCUBE_BOX_PROJECTION UNITY_SPECCUBE_BLENDING UNITY_ENABLE_DETAIL_NORMALMAP SHADER_API_DESKTOP UNITY_LIGHT_PROBE_PROXY_VOLUME UNITY_LIGHTMAP_FULL_HDR uKW=SHADER_STAGE_COMPUTE platform=d3d11 flags=0 reqs=16385 forceDXC=0 forceFXC=0  error: 1 plat 4 at Simulator.compute(110): 'UnNormalizeVelocity': implicit truncation of vector type
  error: 1 plat 4 at Simulator.compute(190): implicit truncation of vector type
  error: 1 plat 4 at Simulator.compute(251): signed/unsigned mismatch, unsigned assumed
  error: 1 plat 4 at Simulator.compute(252): signed/unsigned mismatch, unsigned assumed
  error: 1 plat 4 at Simulator.compute(253): signed/unsigned mismatch, unsigned assumed
 ok=1 outsize=1556

Cmd: compileComputeKernel
  insize=8566 file=Assets/ParticleTest/Simulator.compute kernel=Project cachingPP=1 ppOnly=0 stripLineD=0 buildPlatform=19 km=<UNITY_VERSION=202139> pKW=UNITY_ENABLE_REFLECTION_BUFFERS UNITY_USE_DITHER_MASK_FOR_ALPHABLENDED_SHADOWS UNITY_PBS_USE_BRDF1 UNITY_SPECCUBE_BOX_PROJECTION UNITY_SPECCUBE_BLENDING UNITY_ENABLE_DETAIL_NORMALMAP SHADER_API_DESKTOP UNITY_LIGHT_PROBE_PROXY_VOLUME UNITY_LIGHTMAP_FULL_HDR uKW=SHADER_STAGE_COMPUTE platform=d3d11 flags=0 reqs=16385 forceDXC=0 forceFXC=0  error: 1 plat 4 at Simulator.compute(110): 'UnNormalizeVelocity': implicit truncation of vector type
  error: 1 plat 4 at Simulator.compute(190): implicit truncation of vector type
  error: 1 plat 4 at Simulator.compute(251): signed/unsigned mismatch, unsigned assumed
  error: 1 plat 4 at Simulator.compute(252): signed/unsigned mismatch, unsigned assumed
  error: 1 plat 4 at Simulator.compute(253): signed/unsigned mismatch, unsigned assumed
 ok=1 outsize=1556

Cmd: compileComputeKernel
  insize=8566 file=Assets/ParticleTest/Simulator.compute kernel=Sample cachingPP=1 ppOnly=0 stripLineD=0 buildPlatform=19 km=<UNITY_VERSION=202139> pKW=UNITY_ENABLE_REFLECTION_BUFFERS UNITY_USE_DITHER_MASK_FOR_ALPHABLENDED_SHADOWS UNITY_PBS_USE_BRDF1 UNITY_SPECCUBE_BOX_PROJECTION UNITY_SPECCUBE_BLENDING UNITY_ENABLE_DETAIL_NORMALMAP SHADER_API_DESKTOP UNITY_LIGHT_PROBE_PROXY_VOLUME UNITY_LIGHTMAP_FULL_HDR uKW=SHADER_STAGE_COMPUTE platform=d3d11 flags=0 reqs=16385 forceDXC=0 forceFXC=0  error: 1 plat 4 at Simulator.compute(110): 'UnNormalizeVelocity': implicit truncation of vector type
  error: 1 plat 4 at Simulator.compute(190): implicit truncation of vector type
  error: 1 plat 4 at Simulator.compute(251): signed/unsigned mismatch, unsigned assumed
  error: 1 plat 4 at Simulator.compute(252): signed/unsigned mismatch, unsigned assumed
  error: 1 plat 4 at Simulator.compute(253): signed/unsigned mismatch, unsigned assumed
 ok=1 outsize=945

Cmd: compileComputeKernel
  insize=8564 file=Assets/ParticleTest/Simulator.compute kernel=Project cachingPP=1 ppOnly=0 stripLineD=0 buildPlatform=19 km=<UNITY_VERSION=202139> pKW=UNITY_ENABLE_REFLECTION_BUFFERS UNITY_USE_DITHER_MASK_FOR_ALPHABLENDED_SHADOWS UNITY_PBS_USE_BRDF1 UNITY_SPECCUBE_BOX_PROJECTION UNITY_SPECCUBE_BLENDING UNITY_ENABLE_DETAIL_NORMALMAP SHADER_API_DESKTOP UNITY_LIGHT_PROBE_PROXY_VOLUME UNITY_LIGHTMAP_FULL_HDR uKW=SHADER_STAGE_COMPUTE platform=d3d11 flags=0 reqs=16385 forceDXC=0 forceFXC=0  error: 1 plat 4 at Simulator.compute(110): 'UnNormalizeVelocity': implicit truncation of vector type
  error: 1 plat 4 at Simulator.compute(190): implicit truncation of vector type
  error: 1 plat 4 at Simulator.compute(251): signed/unsigned mismatch, unsigned assumed
  error: 1 plat 4 at Simulator.compute(252): signed/unsigned mismatch, unsigned assumed
  error: 1 plat 4 at Simulator.compute(253): signed/unsigned mismatch, unsigned assumed
 ok=1 outsize=1556

Cmd: compileComputeKernel
  insize=8676 file=Assets/ParticleTest/Simulator.compute kernel=Sample cachingPP=1 ppOnly=0 stripLineD=0 buildPlatform=19 km=<UNITY_VERSION=202139> pKW=UNITY_ENABLE_REFLECTION_BUFFERS UNITY_USE_DITHER_MASK_FOR_ALPHABLENDED_SHADOWS UNITY_PBS_USE_BRDF1 UNITY_SPECCUBE_BOX_PROJECTION UNITY_SPECCUBE_BLENDING UNITY_ENABLE_DETAIL_NORMALMAP SHADER_API_DESKTOP UNITY_LIGHT_PROBE_PROXY_VOLUME UNITY_LIGHTMAP_FULL_HDR uKW=SHADER_STAGE_COMPUTE platform=d3d11 flags=0 reqs=16385 forceDXC=0 forceFXC=0  error: 1 plat 4 at Simulator.compute(111): 'UnNormalizeVelocity': implicit truncation of vector type
  error: 1 plat 4 at Simulator.compute(192): implicit truncation of vector type
  error: 1 plat 4 at Simulator.compute(253): signed/unsigned mismatch, unsigned assumed
  error: 1 plat 4 at Simulator.compute(254): signed/unsigned mismatch, unsigned assumed
  error: 1 plat 4 at Simulator.compute(255): signed/unsigned mismatch, unsigned assumed
 ok=1 outsize=945

Cmd: compileComputeKernel
  insize=8631 file=Assets/ParticleTest/Simulator.compute kernel=Sample cachingPP=1 ppOnly=0 stripLineD=0 buildPlatform=19 km=<UNITY_VERSION=202139> pKW=UNITY_ENABLE_REFLECTION_BUFFERS UNITY_USE_DITHER_MASK_FOR_ALPHABLENDED_SHADOWS UNITY_PBS_USE_BRDF1 UNITY_SPECCUBE_BOX_PROJECTION UNITY_SPECCUBE_BLENDING UNITY_ENABLE_DETAIL_NORMALMAP SHADER_API_DESKTOP UNITY_LIGHT_PROBE_PROXY_VOLUME UNITY_LIGHTMAP_FULL_HDR uKW=SHADER_STAGE_COMPUTE platform=d3d11 flags=0 reqs=16385 forceDXC=0 forceFXC=0  error: 1 plat 4 at Simulator.compute(111): 'UnNormalizeVelocity': implicit truncation of vector type
  error: 1 plat 4 at Simulator.compute(191): implicit truncation of vector type
  error: 1 plat 4 at Simulator.compute(252): signed/unsigned mismatch, unsigned assumed
  error: 1 plat 4 at Simulator.compute(253): signed/unsigned mismatch, unsigned assumed
  error: 1 plat 4 at Simulator.compute(254): signed/unsigned mismatch, unsigned assumed
 ok=1 outsize=945

Cmd: compileComputeKernel
  insize=8976 file=Assets/ParticleTest/Simulator.compute kernel=AddSource cachingPP=1 ppOnly=0 stripLineD=0 buildPlatform=19 km=<UNITY_VERSION=202139> pKW=UNITY_ENABLE_REFLECTION_BUFFERS UNITY_USE_DITHER_MASK_FOR_ALPHABLENDED_SHADOWS UNITY_PBS_USE_BRDF1 UNITY_SPECCUBE_BOX_PROJECTION UNITY_SPECCUBE_BLENDING UNITY_ENABLE_DETAIL_NORMALMAP SHADER_API_DESKTOP UNITY_LIGHT_PROBE_PROXY_VOLUME UNITY_LIGHTMAP_FULL_HDR uKW=SHADER_STAGE_COMPUTE platform=d3d11 flags=0 reqs=16385 forceDXC=0 forceFXC=0  error: 1 plat 4 at Simulator.compute(109): 'UnNormalizeVelocity': implicit truncation of vector type
  error: 1 plat 4 at Simulator.compute(120): 'UnNormalizeVelocity': implicit truncation of vector type
  error: 1 plat 4 at Simulator.compute(200): implicit truncation of vector type
  error: 1 plat 4 at Simulator.compute(261): signed/unsigned mismatch, unsigned assumed
  error: 1 plat 4 at Simulator.compute(262): signed/unsigned mismatch, unsigned assumed
  error: 1 plat 4 at Simulator.compute(263): signed/unsigned mismatch, unsigned assumed
 ok=1 outsize=11313

Cmd: compileComputeKernel
  insize=8975 file=Assets/ParticleTest/Simulator.compute kernel=Project cachingPP=1 ppOnly=0 stripLineD=0 buildPlatform=19 km=<UNITY_VERSION=202139> pKW=UNITY_ENABLE_REFLECTION_BUFFERS UNITY_USE_DITHER_MASK_FOR_ALPHABLENDED_SHADOWS UNITY_PBS_USE_BRDF1 UNITY_SPECCUBE_BOX_PROJECTION UNITY_SPECCUBE_BLENDING UNITY_ENABLE_DETAIL_NORMALMAP SHADER_API_DESKTOP UNITY_LIGHT_PROBE_PROXY_VOLUME UNITY_LIGHTMAP_FULL_HDR uKW=SHADER_STAGE_COMPUTE platform=d3d11 flags=0 reqs=16385 forceDXC=0 forceFXC=0  error: 1 plat 4 at Simulator.compute(120): 'UnNormalizeVelocity': implicit truncation of vector type
  error: 1 plat 4 at Simulator.compute(200): implicit truncation of vector type
  error: 1 plat 4 at Simulator.compute(261): signed/unsigned mismatch, unsigned assumed
  error: 1 plat 4 at Simulator.compute(262): signed/unsigned mismatch, unsigned assumed
  error: 1 plat 4 at Simulator.compute(263): signed/unsigned mismatch, unsigned assumed
 ok=1 outsize=1556

Cmd: compileComputeKernel
  insize=8861 file=Assets/ParticleTest/Simulator.compute kernel=Advect cachingPP=1 ppOnly=0 stripLineD=0 buildPlatform=19 km=<UNITY_VERSION=202139> pKW=UNITY_ENABLE_REFLECTION_BUFFERS UNITY_USE_DITHER_MASK_FOR_ALPHABLENDED_SHADOWS UNITY_PBS_USE_BRDF1 UNITY_SPECCUBE_BOX_PROJECTION UNITY_SPECCUBE_BLENDING UNITY_ENABLE_DETAIL_NORMALMAP SHADER_API_DESKTOP UNITY_LIGHT_PROBE_PROXY_VOLUME UNITY_LIGHTMAP_FULL_HDR uKW=SHADER_STAGE_COMPUTE platform=d3d11 flags=0 reqs=16385 forceDXC=0 forceFXC=0  error: 1 plat 4 at Simulator.compute(116): 'UnNormalizeVelocity': implicit truncation of vector type
  error: 1 plat 4 at Simulator.compute(196): implicit truncation of vector type
  error: 1 plat 4 at Simulator.compute(257): signed/unsigned mismatch, unsigned assumed
  error: 1 plat 4 at Simulator.compute(258): signed/unsigned mismatch, unsigned assumed
  error: 1 plat 4 at Simulator.compute(259): signed/unsigned mismatch, unsigned assumed
 ok=1 outsize=1171

Cmd: compileComputeKernel
  insize=8679 file=Assets/ParticleTest/Simulator.compute kernel=Pressure cachingPP=1 ppOnly=0 stripLineD=0 buildPlatform=19 km=<UNITY_VERSION=202139> pKW=UNITY_ENABLE_REFLECTION_BUFFERS UNITY_USE_DITHER_MASK_FOR_ALPHABLENDED_SHADOWS UNITY_PBS_USE_BRDF1 UNITY_SPECCUBE_BOX_PROJECTION UNITY_SPECCUBE_BLENDING UNITY_ENABLE_DETAIL_NORMALMAP SHADER_API_DESKTOP UNITY_LIGHT_PROBE_PROXY_VOLUME UNITY_LIGHTMAP_FULL_HDR uKW=SHADER_STAGE_COMPUTE platform=d3d11 flags=0 reqs=16385 forceDXC=0 forceFXC=0  error: 1 plat 4 at Simulator.compute(84): implicit truncation of vector type
  error: 1 plat 4 at Simulator.compute(85): 'distance': implicit truncation of vector type
  error: 1 plat 4 at Simulator.compute(111): 'UnNormalizeVelocity': implicit truncation of vector type
  error: 1 plat 4 at Simulator.compute(191): implicit truncation of vector type
  error: 1 plat 4 at Simulator.compute(252): signed/unsigned mismatch, unsigned assumed
  error: 1 plat 4 at Simulator.compute(253): signed/unsigned mismatch, unsigned assumed
  error: 1 plat 4 at Simulator.compute(254): signed/unsigned mismatch, unsigned assumed
 ok=1 outsize=1502

Cmd: compileComputeKernel
  insize=8681 file=Assets/ParticleTest/Simulator.compute kernel=Advect cachingPP=1 ppOnly=0 stripLineD=0 buildPlatform=19 km=<UNITY_VERSION=202139> pKW=UNITY_ENABLE_REFLECTION_BUFFERS UNITY_USE_DITHER_MASK_FOR_ALPHABLENDED_SHADOWS UNITY_PBS_USE_BRDF1 UNITY_SPECCUBE_BOX_PROJECTION UNITY_SPECCUBE_BLENDING UNITY_ENABLE_DETAIL_NORMALMAP SHADER_API_DESKTOP UNITY_LIGHT_PROBE_PROXY_VOLUME UNITY_LIGHTMAP_FULL_HDR uKW=SHADER_STAGE_COMPUTE platform=d3d11 flags=0 reqs=16385 forceDXC=0 forceFXC=0  error: 1 plat 4 at Simulator.compute(84): implicit truncation of vector type
  error: 1 plat 4 at Simulator.compute(85): 'distance': implicit truncation of vector type
  error: 1 plat 4 at Simulator.compute(111): 'UnNormalizeVelocity': implicit truncation of vector type
  error: 1 plat 4 at Simulator.compute(191): implicit truncation of vector type
  error: 1 plat 4 at Simulator.compute(252): signed/unsigned mismatch, unsigned assumed
  error: 1 plat 4 at Simulator.compute(253): signed/unsigned mismatch, unsigned assumed
  error: 1 plat 4 at Simulator.compute(254): signed/unsigned mismatch, unsigned assumed
 ok=1 outsize=1171

Cmd: compileComputeKernel
  insize=8681 file=Assets/ParticleTest/Simulator.compute kernel=InitVelocity cachingPP=1 ppOnly=0 stripLineD=0 buildPlatform=19 km=<UNITY_VERSION=202139> pKW=UNITY_ENABLE_REFLECTION_BUFFERS UNITY_USE_DITHER_MASK_FOR_ALPHABLENDED_SHADOWS UNITY_PBS_USE_BRDF1 UNITY_SPECCUBE_BOX_PROJECTION UNITY_SPECCUBE_BLENDING UNITY_ENABLE_DETAIL_NORMALMAP SHADER_API_DESKTOP UNITY_LIGHT_PROBE_PROXY_VOLUME UNITY_LIGHTMAP_FULL_HDR uKW=SHADER_STAGE_COMPUTE platform=d3d11 flags=0 reqs=16385 forceDXC=0 forceFXC=0  error: 1 plat 4 at Simulator.compute(84): implicit truncation of vector type
  error: 1 plat 4 at Simulator.compute(85): 'distance': implicit truncation of vector type
  error: 1 plat 4 at Simulator.compute(111): 'UnNormalizeVelocity': implicit truncation of vector type
  error: 1 plat 4 at Simulator.compute(191): implicit truncation of vector type
  error: 1 plat 4 at Simulator.compute(252): signed/unsigned mismatch, unsigned assumed
  error: 1 plat 4 at Simulator.compute(253): signed/unsigned mismatch, unsigned assumed
  error: 1 plat 4 at Simulator.compute(254): signed/unsigned mismatch, unsigned assumed
 ok=1 outsize=323

Cmd: compileComputeKernel
  insize=8682 file=Assets/ParticleTest/Simulator.compute kernel=Advect cachingPP=1 ppOnly=0 stripLineD=0 buildPlatform=19 km=<UNITY_VERSION=202139> pKW=UNITY_ENABLE_REFLECTION_BUFFERS UNITY_USE_DITHER_MASK_FOR_ALPHABLENDED_SHADOWS UNITY_PBS_USE_BRDF1 UNITY_SPECCUBE_BOX_PROJECTION UNITY_SPECCUBE_BLENDING UNITY_ENABLE_DETAIL_NORMALMAP SHADER_API_DESKTOP UNITY_LIGHT_PROBE_PROXY_VOLUME UNITY_LIGHTMAP_FULL_HDR uKW=SHADER_STAGE_COMPUTE platform=d3d11 flags=0 reqs=16385 forceDXC=0 forceFXC=0  error: 1 plat 4 at Simulator.compute(84): implicit truncation of vector type
  error: 1 plat 4 at Simulator.compute(85): 'distance': implicit truncation of vector type
  error: 1 plat 4 at Simulator.compute(111): 'UnNormalizeVelocity': implicit truncation of vector type
  error: 1 plat 4 at Simulator.compute(191): implicit truncation of vector type
  error: 1 plat 4 at Simulator.compute(252): signed/unsigned mismatch, unsigned assumed
  error: 1 plat 4 at Simulator.compute(253): signed/unsigned mismatch, unsigned assumed
  error: 1 plat 4 at Simulator.compute(254): signed/unsigned mismatch, unsigned assumed
 ok=1 outsize=1171

Cmd: compileComputeKernel
  insize=8914 file=Assets/ParticleTest/Simulator.compute kernel=Pressure cachingPP=1 ppOnly=0 stripLineD=0 buildPlatform=19 km=<UNITY_VERSION=202139> pKW=UNITY_ENABLE_REFLECTION_BUFFERS UNITY_USE_DITHER_MASK_FOR_ALPHABLENDED_SHADOWS UNITY_PBS_USE_BRDF1 UNITY_SPECCUBE_BOX_PROJECTION UNITY_SPECCUBE_BLENDING UNITY_ENABLE_DETAIL_NORMALMAP SHADER_API_DESKTOP UNITY_LIGHT_PROBE_PROXY_VOLUME UNITY_LIGHTMAP_FULL_HDR uKW=SHADER_STAGE_COMPUTE platform=d3d11 flags=0 reqs=16385 forceDXC=0 forceFXC=0  error: 1 plat 4 at Simulator.compute(85): implicit truncation of vector type
  error: 1 plat 4 at Simulator.compute(86): 'distance': implicit truncation of vector type
  error: 1 plat 4 at Simulator.compute(118): 'UnNormalizeVelocity': implicit truncation of vector type
  error: 1 plat 4 at Simulator.compute(198): implicit truncation of vector type
  error: 1 plat 4 at Simulator.compute(259): signed/unsigned mismatch, unsigned assumed
  error: 1 plat 4 at Simulator.compute(260): signed/unsigned mismatch, unsigned assumed
  error: 1 plat 4 at Simulator.compute(261): signed/unsigned mismatch, unsigned assumed
 ok=1 outsize=1502

Cmd: compileComputeKernel
  insize=9013 file=Assets/ParticleTest/Simulator.compute kernel=Sample cachingPP=1 ppOnly=0 stripLineD=0 buildPlatform=19 km=<UNITY_VERSION=202139> pKW=UNITY_ENABLE_REFLECTION_BUFFERS UNITY_USE_DITHER_MASK_FOR_ALPHABLENDED_SHADOWS UNITY_PBS_USE_BRDF1 UNITY_SPECCUBE_BOX_PROJECTION UNITY_SPECCUBE_BLENDING UNITY_ENABLE_DETAIL_NORMALMAP SHADER_API_DESKTOP UNITY_LIGHT_PROBE_PROXY_VOLUME UNITY_LIGHTMAP_FULL_HDR uKW=SHADER_STAGE_COMPUTE platform=d3d11 flags=0 reqs=16385 forceDXC=0 forceFXC=0  error: 1 plat 4 at Simulator.compute(91): implicit truncation of vector type
  error: 1 plat 4 at Simulator.compute(92): 'distance': implicit truncation of vector type
  error: 1 plat 4 at Simulator.compute(124): 'UnNormalizeVelocity': implicit truncation of vector type
  error: 1 plat 4 at Simulator.compute(204): implicit truncation of vector type
  error: 1 plat 4 at Simulator.compute(265): signed/unsigned mismatch, unsigned assumed
  error: 1 plat 4 at Simulator.compute(266): signed/unsigned mismatch, unsigned assumed
  error: 1 plat 4 at Simulator.compute(267): signed/unsigned mismatch, unsigned assumed
 ok=1 outsize=945

Cmd: compileComputeKernel
  insize=9111 file=Assets/ParticleTest/Simulator.compute kernel=Divergence cachingPP=1 ppOnly=0 stripLineD=0 buildPlatform=19 km=<UNITY_VERSION=202139> pKW=UNITY_ENABLE_REFLECTION_BUFFERS UNITY_USE_DITHER_MASK_FOR_ALPHABLENDED_SHADOWS UNITY_PBS_USE_BRDF1 UNITY_SPECCUBE_BOX_PROJECTION UNITY_SPECCUBE_BLENDING UNITY_ENABLE_DETAIL_NORMALMAP SHADER_API_DESKTOP UNITY_LIGHT_PROBE_PROXY_VOLUME UNITY_LIGHTMAP_FULL_HDR uKW=SHADER_STAGE_COMPUTE platform=d3d11 flags=0 reqs=16385 forceDXC=0 forceFXC=0  error: 1 plat 4 at Simulator.compute(91): implicit truncation of vector type
  error: 1 plat 4 at Simulator.compute(92): 'distance': implicit truncation of vector type
  error: 1 plat 4 at Simulator.compute(129): 'UnNormalizeVelocity': implicit truncation of vector type
  error: 1 plat 4 at Simulator.compute(209): implicit truncation of vector type
  error: 1 plat 4 at Simulator.compute(270): signed/unsigned mismatch, unsigned assumed
  error: 1 plat 4 at Simulator.compute(271): signed/unsigned mismatch, unsigned assumed
  error: 1 plat 4 at Simulator.compute(272): signed/unsigned mismatch, unsigned assumed
 ok=1 outsize=1797

Cmd: compileComputeKernel
  insize=9184 file=Assets/ParticleTest/Simulator.compute kernel=Advect cachingPP=1 ppOnly=0 stripLineD=0 buildPlatform=19 km=<UNITY_VERSION=202139> pKW=UNITY_ENABLE_REFLECTION_BUFFERS UNITY_USE_DITHER_MASK_FOR_ALPHABLENDED_SHADOWS UNITY_PBS_USE_BRDF1 UNITY_SPECCUBE_BOX_PROJECTION UNITY_SPECCUBE_BLENDING UNITY_ENABLE_DETAIL_NORMALMAP SHADER_API_DESKTOP UNITY_LIGHT_PROBE_PROXY_VOLUME UNITY_LIGHTMAP_FULL_HDR uKW=SHADER_STAGE_COMPUTE platform=d3d11 flags=0 reqs=16385 forceDXC=0 forceFXC=0  error: 1 plat 4 at Simulator.compute(91): implicit truncation of vector type
  error: 1 plat 4 at Simulator.compute(92): 'distance': implicit truncation of vector type
  error: 1 plat 4 at Simulator.compute(129): 'UnNormalizeVelocity': implicit truncation of vector type
  error: 1 plat 4 at Simulator.compute(214): implicit truncation of vector type
  error: 1 plat 4 at Simulator.compute(275): signed/unsigned mismatch, unsigned assumed
  error: 1 plat 4 at Simulator.compute(276): signed/unsigned mismatch, unsigned assumed
  error: 1 plat 4 at Simulator.compute(277): signed/unsigned mismatch, unsigned assumed
 ok=1 outsize=1171

Cmd: compileComputeKernel
  insize=9022 file=Assets/ParticleTest/Simulator.compute kernel=Advect cachingPP=1 ppOnly=0 stripLineD=0 buildPlatform=19 km=<UNITY_VERSION=202139> pKW=UNITY_ENABLE_REFLECTION_BUFFERS UNITY_USE_DITHER_MASK_FOR_ALPHABLENDED_SHADOWS UNITY_PBS_USE_BRDF1 UNITY_SPECCUBE_BOX_PROJECTION UNITY_SPECCUBE_BLENDING UNITY_ENABLE_DETAIL_NORMALMAP SHADER_API_DESKTOP UNITY_LIGHT_PROBE_PROXY_VOLUME UNITY_LIGHTMAP_FULL_HDR uKW=SHADER_STAGE_COMPUTE platform=d3d11 flags=0 reqs=16385 forceDXC=0 forceFXC=0  error: 1 plat 4 at Simulator.compute(91): implicit truncation of vector type
  error: 1 plat 4 at Simulator.compute(92): 'distance': implicit truncation of vector type
  error: 1 plat 4 at Simulator.compute(129): 'UnNormalizeVelocity': implicit truncation of vector type
  error: 1 plat 4 at Simulator.compute(214): implicit truncation of vector type
  error: 1 plat 4 at Simulator.compute(275): signed/unsigned mismatch, unsigned assumed
  error: 1 plat 4 at Simulator.compute(276): signed/unsigned mismatch, unsigned assumed
  error: 1 plat 4 at Simulator.compute(277): signed/unsigned mismatch, unsigned assumed
 ok=1 outsize=1171

Cmd: compileComputeKernel
  insize=9039 file=Assets/ParticleTest/Simulator.compute kernel=Project cachingPP=1 ppOnly=0 stripLineD=0 buildPlatform=19 km=<UNITY_VERSION=202139> pKW=UNITY_ENABLE_REFLECTION_BUFFERS UNITY_USE_DITHER_MASK_FOR_ALPHABLENDED_SHADOWS UNITY_PBS_USE_BRDF1 UNITY_SPECCUBE_BOX_PROJECTION UNITY_SPECCUBE_BLENDING UNITY_ENABLE_DETAIL_NORMALMAP SHADER_API_DESKTOP UNITY_LIGHT_PROBE_PROXY_VOLUME UNITY_LIGHTMAP_FULL_HDR uKW=SHADER_STAGE_COMPUTE platform=d3d11 flags=0 reqs=16385 forceDXC=0 forceFXC=0  error: 1 plat 4 at Simulator.compute(91): implicit truncation of vector type
  error: 1 plat 4 at Simulator.compute(92): 'distance': implicit truncation of vector type
  error: 1 plat 4 at Simulator.compute(129): 'UnNormalizeVelocity': implicit truncation of vector type
  error: 1 plat 4 at Simulator.compute(216): implicit truncation of vector type
  error: 1 plat 4 at Simulator.compute(277): signed/unsigned mismatch, unsigned assumed
  error: 1 plat 4 at Simulator.compute(278): signed/unsigned mismatch, unsigned assumed
  error: 1 plat 4 at Simulator.compute(279): signed/unsigned mismatch, unsigned assumed
 ok=1 outsize=1556

Cmd: compileComputeKernel
  insize=9123 file=Assets/ParticleTest/Simulator.compute kernel=Vortex cachingPP=1 ppOnly=0 stripLineD=0 buildPlatform=19 km=<UNITY_VERSION=202139> pKW=UNITY_ENABLE_REFLECTION_BUFFERS UNITY_USE_DITHER_MASK_FOR_ALPHABLENDED_SHADOWS UNITY_PBS_USE_BRDF1 UNITY_SPECCUBE_BOX_PROJECTION UNITY_SPECCUBE_BLENDING UNITY_ENABLE_DETAIL_NORMALMAP SHADER_API_DESKTOP UNITY_LIGHT_PROBE_PROXY_VOLUME UNITY_LIGHTMAP_FULL_HDR uKW=SHADER_STAGE_COMPUTE platform=d3d11 flags=0 reqs=16385 forceDXC=0 forceFXC=0  error: 1 plat 4 at Simulator.compute(91): implicit truncation of vector type
  error: 1 plat 4 at Simulator.compute(92): 'distance': implicit truncation of vector type
  error: 1 plat 4 at Simulator.compute(129): 'UnNormalizeVelocity': implicit truncation of vector type
  error: 1 plat 4 at Simulator.compute(221): implicit truncation of vector type
  error: 1 plat 4 at Simulator.compute(282): signed/unsigned mismatch, unsigned assumed
  error: 1 plat 4 at Simulator.compute(283): signed/unsigned mismatch, unsigned assumed
  error: 1 plat 4 at Simulator.compute(284): signed/unsigned mismatch, unsigned assumed
 ok=1 outsize=223

Cmd: compileComputeKernel
  insize=9089 file=Assets/ParticleTest/Simulator.compute kernel=Pressure cachingPP=1 ppOnly=0 stripLineD=0 buildPlatform=19 km=<UNITY_VERSION=202139> pKW=UNITY_ENABLE_REFLECTION_BUFFERS UNITY_USE_DITHER_MASK_FOR_ALPHABLENDED_SHADOWS UNITY_PBS_USE_BRDF1 UNITY_SPECCUBE_BOX_PROJECTION UNITY_SPECCUBE_BLENDING UNITY_ENABLE_DETAIL_NORMALMAP SHADER_API_DESKTOP UNITY_LIGHT_PROBE_PROXY_VOLUME UNITY_LIGHTMAP_FULL_HDR uKW=SHADER_STAGE_COMPUTE platform=d3d11 flags=0 reqs=16385 forceDXC=0 forceFXC=0  error: 1 plat 4 at Simulator.compute(91): implicit truncation of vector type
  error: 1 plat 4 at Simulator.compute(92): 'distance': implicit truncation of vector type
  error: 1 plat 4 at Simulator.compute(129): 'UnNormalizeVelocity': implicit truncation of vector type
  error: 2 plat 4 at Simulator.compute(170): invalid type for index - index must be a scalar, or a vector with the correct number of dimensions
 ok=0 outsize=0

Cmd: compileComputeKernel
  insize=9460 file=Assets/ParticleTest/Simulator.compute kernel=Divergence cachingPP=1 ppOnly=0 stripLineD=0 buildPlatform=19 km=<UNITY_VERSION=202139> pKW=UNITY_ENABLE_REFLECTION_BUFFERS UNITY_USE_DITHER_MASK_FOR_ALPHABLENDED_SHADOWS UNITY_PBS_USE_BRDF1 UNITY_SPECCUBE_BOX_PROJECTION UNITY_SPECCUBE_BLENDING UNITY_ENABLE_DETAIL_NORMALMAP SHADER_API_DESKTOP UNITY_LIGHT_PROBE_PROXY_VOLUME UNITY_LIGHTMAP_FULL_HDR uKW=SHADER_STAGE_COMPUTE platform=d3d11 flags=0 reqs=16385 forceDXC=0 forceFXC=0  error: 1 plat 4 at Simulator.compute(95): implicit truncation of vector type
  error: 1 plat 4 at Simulator.compute(96): 'distance': implicit truncation of vector type
  error: 1 plat 4 at Simulator.compute(133): 'UnNormalizeVelocity': implicit truncation of vector type
  error: 1 plat 4 at Simulator.compute(290): signed/unsigned mismatch, unsigned assumed
  error: 1 plat 4 at Simulator.compute(291): signed/unsigned mismatch, unsigned assumed
  error: 1 plat 4 at Simulator.compute(292): signed/unsigned mismatch, unsigned assumed
 ok=1 outsize=2025

Cmd: compileComputeKernel
  insize=9372 file=Assets/ParticleTest/Simulator.compute kernel=Advect cachingPP=1 ppOnly=0 stripLineD=0 buildPlatform=19 km=<UNITY_VERSION=202139> pKW=UNITY_ENABLE_REFLECTION_BUFFERS UNITY_USE_DITHER_MASK_FOR_ALPHABLENDED_SHADOWS UNITY_PBS_USE_BRDF1 UNITY_SPECCUBE_BOX_PROJECTION UNITY_SPECCUBE_BLENDING UNITY_ENABLE_DETAIL_NORMALMAP SHADER_API_DESKTOP UNITY_LIGHT_PROBE_PROXY_VOLUME UNITY_LIGHTMAP_FULL_HDR uKW=SHADER_STAGE_COMPUTE platform=d3d11 flags=0 reqs=16385 forceDXC=0 forceFXC=0  error: 1 plat 4 at Simulator.compute(95): implicit truncation of vector type
  error: 1 plat 4 at Simulator.compute(96): 'distance': implicit truncation of vector type
  error: 1 plat 4 at Simulator.compute(133): 'UnNormalizeVelocity': implicit truncation of vector type
  error: 1 plat 4 at Simulator.compute(284): signed/unsigned mismatch, unsigned assumed
  error: 1 plat 4 at Simulator.compute(285): signed/unsigned mismatch, unsigned assumed
  error: 1 plat 4 at Simulator.compute(286): signed/unsigned mismatch, unsigned assumed
 ok=1 outsize=1171

Cmd: compileComputeKernel
  insize=9618 file=Assets/ParticleTest/Simulator.compute kernel=Divergence cachingPP=1 ppOnly=0 stripLineD=0 buildPlatform=19 km=<UNITY_VERSION=202139> pKW=UNITY_ENABLE_REFLECTION_BUFFERS UNITY_USE_DITHER_MASK_FOR_ALPHABLENDED_SHADOWS UNITY_PBS_USE_BRDF1 UNITY_SPECCUBE_BOX_PROJECTION UNITY_SPECCUBE_BLENDING UNITY_ENABLE_DETAIL_NORMALMAP SHADER_API_DESKTOP UNITY_LIGHT_PROBE_PROXY_VOLUME UNITY_LIGHTMAP_FULL_HDR uKW=SHADER_STAGE_COMPUTE platform=d3d11 flags=0 reqs=16385 forceDXC=0 forceFXC=0  error: 1 plat 4 at Simulator.compute(140): 'UnNormalizeVelocity': implicit truncation of vector type
  error: 1 plat 4 at Simulator.compute(285): signed/unsigned mismatch, unsigned assumed
  error: 1 plat 4 at Simulator.compute(286): signed/unsigned mismatch, unsigned assumed
  error: 1 plat 4 at Simulator.compute(287): signed/unsigned mismatch, unsigned assumed
 ok=1 outsize=1937

Cmd: compileComputeKernel
  insize=9609 file=Assets/ParticleTest/Simulator.compute kernel=Vortex cachingPP=1 ppOnly=0 stripLineD=0 buildPlatform=19 km=<UNITY_VERSION=202139> pKW=UNITY_ENABLE_REFLECTION_BUFFERS UNITY_USE_DITHER_MASK_FOR_ALPHABLENDED_SHADOWS UNITY_PBS_USE_BRDF1 UNITY_SPECCUBE_BOX_PROJECTION UNITY_SPECCUBE_BLENDING UNITY_ENABLE_DETAIL_NORMALMAP SHADER_API_DESKTOP UNITY_LIGHT_PROBE_PROXY_VOLUME UNITY_LIGHTMAP_FULL_HDR uKW=SHADER_STAGE_COMPUTE platform=d3d11 flags=0 reqs=16385 forceDXC=0 forceFXC=0  error: 1 plat 4 at Simulator.compute(140): 'UnNormalizeVelocity': implicit truncation of vector type
  error: 1 plat 4 at Simulator.compute(285): signed/unsigned mismatch, unsigned assumed
  error: 1 plat 4 at Simulator.compute(286): signed/unsigned mismatch, unsigned assumed
  error: 1 plat 4 at Simulator.compute(287): signed/unsigned mismatch, unsigned assumed
 ok=1 outsize=223

Cmd: compileComputeKernel
  insize=11613 file=Assets/ParticleTest/Simulator.compute kernel=Pressure cachingPP=1 ppOnly=0 stripLineD=0 buildPlatform=19 km=<UNITY_VERSION=202139> pKW=UNITY_ENABLE_REFLECTION_BUFFERS UNITY_USE_DITHER_MASK_FOR_ALPHABLENDED_SHADOWS UNITY_PBS_USE_BRDF1 UNITY_SPECCUBE_BOX_PROJECTION UNITY_SPECCUBE_BLENDING UNITY_ENABLE_DETAIL_NORMALMAP SHADER_API_DESKTOP UNITY_LIGHT_PROBE_PROXY_VOLUME UNITY_LIGHTMAP_FULL_HDR uKW=SHADER_STAGE_COMPUTE platform=d3d11 flags=0 reqs=16385 forceDXC=0 forceFXC=0  error: 1 plat 4 at Simulator.compute(140): 'UnNormalizeVelocity': implicit truncation of vector type
  error: 1 plat 4 at Simulator.compute(330): signed/unsigned mismatch, unsigned assumed
  error: 1 plat 4 at Simulator.compute(331): signed/unsigned mismatch, unsigned assumed
  error: 1 plat 4 at Simulator.compute(332): signed/unsigned mismatch, unsigned assumed
 ok=1 outsize=2242

Cmd: compileSnippet
  insize=26497 file=Assets/ParticleTest/Hidden/VFX/particles/System/Output Particle Quad pass=<Unnamed Pass 0> cachingPP=1 ppOnly=0 stripLineD=0 buildPlatform=19 rsLen=0 pKW=UNITY_ENABLE_REFLECTION_BUFFERS UNITY_USE_DITHER_MASK_FOR_ALPHABLENDED_SHADOWS UNITY_PBS_USE_BRDF1 UNITY_SPECCUBE_BOX_PROJECTION UNITY_SPECCUBE_BLENDING UNITY_ENABLE_DETAIL_NORMALMAP SHADER_API_DESKTOP UNITY_LIGHT_PROBE_PROXY_VOLUME UNITY_LIGHTMAP_FULL_HDR uKW= dKW=UNITY_NO_DXT5nm UNITY_FRAMEBUFFER_FETCH_AVAILABLE UNITY_ENABLE_NATIVE_SHADOW_LOOKUPS UNITY_METAL_SHADOWS_USE_POINT_FILTERING UNITY_NO_SCREENSPACE_SHADOWS UNITY_PBS_USE_BRDF2 UNITY_PBS_USE_BRDF3 UNITY_NO_FULL_STANDARD_SHADER UNITY_HARDWARE_TIER1 UNITY_HARDWARE_TIER2 UNITY_HARDWARE_TIER3 UNITY_COLORSPACE_GAMMA UNITY_HALF_PRECISION_FRAGMENT_SHADER_REGISTERS UNITY_LIGHTMAP_DLDR_ENCODING UNITY_LIGHTMAP_RGBM_ENCODING UNITY_VIRTUAL_TEXTURING UNITY_PRETRANSFORM_TO_DISPLAY_ORIENTATION UNITY_ASTC_NORMALMAP_ENCODING SHADER_API_GLES30 UNITY_UNIFIED_SHADER_PRECISION_MODEL flags=0 lang=3 type=Fragment platform=d3d11 reqs=1101803 mask=6 start=205 ok=1 outsize=378

Cmd: compileComputeKernel
  insize=10114 file=Assets/ParticleTest/Simulator.compute kernel=Project cachingPP=1 ppOnly=0 stripLineD=0 buildPlatform=19 km=<UNITY_VERSION=202139> pKW=UNITY_ENABLE_REFLECTION_BUFFERS UNITY_USE_DITHER_MASK_FOR_ALPHABLENDED_SHADOWS UNITY_PBS_USE_BRDF1 UNITY_SPECCUBE_BOX_PROJECTION UNITY_SPECCUBE_BLENDING UNITY_ENABLE_DETAIL_NORMALMAP SHADER_API_DESKTOP UNITY_LIGHT_PROBE_PROXY_VOLUME UNITY_LIGHTMAP_FULL_HDR uKW=SHADER_STAGE_COMPUTE platform=d3d11 flags=0 reqs=16385 forceDXC=0 forceFXC=0  error: 1 plat 4 at Simulator.compute(101): implicit truncation of vector type
  error: 1 plat 4 at Simulator.compute(150): 'UnNormalizeVelocity': implicit truncation of vector type
  error: 1 plat 4 at Simulator.compute(294): signed/unsigned mismatch, unsigned assumed
  error: 1 plat 4 at Simulator.compute(295): signed/unsigned mismatch, unsigned assumed
  error: 1 plat 4 at Simulator.compute(296): signed/unsigned mismatch, unsigned assumed
 ok=1 outsize=2224

Cmd: compileComputeKernel
  insize=10114 file=Assets/ParticleTest/Simulator.compute kernel=AddSource cachingPP=1 ppOnly=0 stripLineD=0 buildPlatform=19 km=<UNITY_VERSION=202139> pKW=UNITY_ENABLE_REFLECTION_BUFFERS UNITY_USE_DITHER_MASK_FOR_ALPHABLENDED_SHADOWS UNITY_PBS_USE_BRDF1 UNITY_SPECCUBE_BOX_PROJECTION UNITY_SPECCUBE_BLENDING UNITY_ENABLE_DETAIL_NORMALMAP SHADER_API_DESKTOP UNITY_LIGHT_PROBE_PROXY_VOLUME UNITY_LIGHTMAP_FULL_HDR uKW=SHADER_STAGE_COMPUTE platform=d3d11 flags=0 reqs=16385 forceDXC=0 forceFXC=0  error: 1 plat 4 at Simulator.compute(101): implicit truncation of vector type
  error: 1 plat 4 at Simulator.compute(150): 'UnNormalizeVelocity': implicit truncation of vector type
  error: 1 plat 4 at Simulator.compute(294): signed/unsigned mismatch, unsigned assumed
  error: 1 plat 4 at Simulator.compute(295): signed/unsigned mismatch, unsigned assumed
  error: 1 plat 4 at Simulator.compute(296): signed/unsigned mismatch, unsigned assumed
 ok=1 outsize=19261

Cmd: compileComputeKernel
  insize=10125 file=Assets/ParticleTest/Simulator.compute kernel=Divergence cachingPP=1 ppOnly=0 stripLineD=0 buildPlatform=19 km=<UNITY_VERSION=202139> pKW=UNITY_ENABLE_REFLECTION_BUFFERS UNITY_USE_DITHER_MASK_FOR_ALPHABLENDED_SHADOWS UNITY_PBS_USE_BRDF1 UNITY_SPECCUBE_BOX_PROJECTION UNITY_SPECCUBE_BLENDING UNITY_ENABLE_DETAIL_NORMALMAP SHADER_API_DESKTOP UNITY_LIGHT_PROBE_PROXY_VOLUME UNITY_LIGHTMAP_FULL_HDR uKW=SHADER_STAGE_COMPUTE platform=d3d11 flags=0 reqs=16385 forceDXC=0 forceFXC=0  error: 1 plat 4 at Simulator.compute(101): implicit truncation of vector type
  error: 1 plat 4 at Simulator.compute(150): 'UnNormalizeVelocity': implicit truncation of vector type
  error: 1 plat 4 at Simulator.compute(294): signed/unsigned mismatch, unsigned assumed
  error: 1 plat 4 at Simulator.compute(295): signed/unsigned mismatch, unsigned assumed
  error: 1 plat 4 at Simulator.compute(296): signed/unsigned mismatch, unsigned assumed
 ok=1 outsize=1937

Cmd: compileComputeKernel
  insize=10125 file=Assets/ParticleTest/Simulator.compute kernel=AddSource cachingPP=1 ppOnly=0 stripLineD=0 buildPlatform=19 km=<UNITY_VERSION=202139> pKW=UNITY_ENABLE_REFLECTION_BUFFERS UNITY_USE_DITHER_MASK_FOR_ALPHABLENDED_SHADOWS UNITY_PBS_USE_BRDF1 UNITY_SPECCUBE_BOX_PROJECTION UNITY_SPECCUBE_BLENDING UNITY_ENABLE_DETAIL_NORMALMAP SHADER_API_DESKTOP UNITY_LIGHT_PROBE_PROXY_VOLUME UNITY_LIGHTMAP_FULL_HDR uKW=SHADER_STAGE_COMPUTE platform=d3d11 flags=0 reqs=16385 forceDXC=0 forceFXC=0  error: 1 plat 4 at Simulator.compute(101): implicit truncation of vector type
  error: 1 plat 4 at Simulator.compute(150): 'UnNormalizeVelocity': implicit truncation of vector type
  error: 1 plat 4 at Simulator.compute(294): signed/unsigned mismatch, unsigned assumed
  error: 1 plat 4 at Simulator.compute(295): signed/unsigned mismatch, unsigned assumed
  error: 1 plat 4 at Simulator.compute(296): signed/unsigned mismatch, unsigned assumed
 ok=1 outsize=19317

Cmd: compileComputeKernel
  insize=10117 file=Assets/ParticleTest/Simulator.compute kernel=InitVelocity cachingPP=1 ppOnly=0 stripLineD=0 buildPlatform=19 km=<UNITY_VERSION=202139> pKW=UNITY_ENABLE_REFLECTION_BUFFERS UNITY_USE_DITHER_MASK_FOR_ALPHABLENDED_SHADOWS UNITY_PBS_USE_BRDF1 UNITY_SPECCUBE_BOX_PROJECTION UNITY_SPECCUBE_BLENDING UNITY_ENABLE_DETAIL_NORMALMAP SHADER_API_DESKTOP UNITY_LIGHT_PROBE_PROXY_VOLUME UNITY_LIGHTMAP_FULL_HDR uKW=SHADER_STAGE_COMPUTE platform=d3d11 flags=0 reqs=16385 forceDXC=0 forceFXC=0  error: 1 plat 4 at Simulator.compute(150): 'UnNormalizeVelocity': implicit truncation of vector type
  error: 1 plat 4 at Simulator.compute(294): signed/unsigned mismatch, unsigned assumed
  error: 1 plat 4 at Simulator.compute(295): signed/unsigned mismatch, unsigned assumed
  error: 1 plat 4 at Simulator.compute(296): signed/unsigned mismatch, unsigned assumed
 ok=1 outsize=323

Cmd: compileComputeKernel
  insize=10116 file=Assets/ParticleTest/Simulator.compute kernel=Project cachingPP=1 ppOnly=0 stripLineD=0 buildPlatform=19 km=<UNITY_VERSION=202139> pKW=UNITY_ENABLE_REFLECTION_BUFFERS UNITY_USE_DITHER_MASK_FOR_ALPHABLENDED_SHADOWS UNITY_PBS_USE_BRDF1 UNITY_SPECCUBE_BOX_PROJECTION UNITY_SPECCUBE_BLENDING UNITY_ENABLE_DETAIL_NORMALMAP SHADER_API_DESKTOP UNITY_LIGHT_PROBE_PROXY_VOLUME UNITY_LIGHTMAP_FULL_HDR uKW=SHADER_STAGE_COMPUTE platform=d3d11 flags=0 reqs=16385 forceDXC=0 forceFXC=0  error: 1 plat 4 at Simulator.compute(150): 'UnNormalizeVelocity': implicit truncation of vector type
  error: 1 plat 4 at Simulator.compute(294): signed/unsigned mismatch, unsigned assumed
  error: 1 plat 4 at Simulator.compute(295): signed/unsigned mismatch, unsigned assumed
  error: 1 plat 4 at Simulator.compute(296): signed/unsigned mismatch, unsigned assumed
 ok=1 outsize=2224

Cmd: compileComputeKernel
  insize=10116 file=Assets/ParticleTest/Simulator.compute kernel=InitVelocity cachingPP=1 ppOnly=0 stripLineD=0 buildPlatform=19 km=<UNITY_VERSION=202139> pKW=UNITY_ENABLE_REFLECTION_BUFFERS UNITY_USE_DITHER_MASK_FOR_ALPHABLENDED_SHADOWS UNITY_PBS_USE_BRDF1 UNITY_SPECCUBE_BOX_PROJECTION UNITY_SPECCUBE_BLENDING UNITY_ENABLE_DETAIL_NORMALMAP SHADER_API_DESKTOP UNITY_LIGHT_PROBE_PROXY_VOLUME UNITY_LIGHTMAP_FULL_HDR uKW=SHADER_STAGE_COMPUTE platform=d3d11 flags=0 reqs=16385 forceDXC=0 forceFXC=0  error: 1 plat 4 at Simulator.compute(149): 'UnNormalizeVelocity': implicit truncation of vector type
  error: 1 plat 4 at Simulator.compute(293): signed/unsigned mismatch, unsigned assumed
  error: 1 plat 4 at Simulator.compute(294): signed/unsigned mismatch, unsigned assumed
  error: 1 plat 4 at Simulator.compute(295): signed/unsigned mismatch, unsigned assumed
 ok=1 outsize=323

Cmd: shutdown
