Base path: 'C:/Program Files/Unity/Hub/Editor/2021.3.11f1/Editor/Data', plugins path 'C:/Program Files/Unity/Hub/Editor/2021.3.11f1/Editor/Data/PlaybackEngines'
Cmd: initializeCompiler

Cmd: compileComputeKernel
  insize=5397 file=Assets/ParticleTest/Simulator.compute kernel=Sample cachingPP=1 ppOnly=0 stripLineD=0 buildPlatform=19 km=<UNITY_VERSION=202139> pKW=UNITY_ENABLE_REFLECTION_BUFFERS UNITY_USE_DITHER_MASK_FOR_ALPHABLENDED_SHADOWS UNITY_PBS_USE_BRDF1 UNITY_SPECCUBE_BOX_PROJECTION UNITY_SPECCUBE_BLENDING UNITY_ENABLE_DETAIL_NORMALMAP SHADER_API_DESKTOP UNITY_LIGHT_PROBE_PROXY_VOLUME UNITY_LIGHTMAP_FULL_HDR uKW=SHADER_STAGE_COMPUTE platform=d3d11 flags=0 reqs=16385 forceDXC=0 forceFXC=0  error: 1 plat 4 at Simulator.compute(114): 'UnNormalizeVelocity': implicit truncation of vector type
  error: 1 plat 4 at Simulator.compute(145): signed/unsigned mismatch, unsigned assumed
  error: 1 plat 4 at Simulator.compute(146): signed/unsigned mismatch, unsigned assumed
  error: 1 plat 4 at Simulator.compute(147): signed/unsigned mismatch, unsigned assumed
  error: 1 plat 4 at Simulator.compute(181): signed/unsigned mismatch, unsigned assumed
  error: 1 plat 4 at Simulator.compute(182): signed/unsigned mismatch, unsigned assumed
  error: 1 plat 4 at Simulator.compute(183): signed/unsigned mismatch, unsigned assumed
 ok=1 outsize=945

Cmd: compileComputeKernel
  insize=5211 file=Assets/ParticleTest/Simulator.compute kernel=Project cachingPP=1 ppOnly=0 stripLineD=0 buildPlatform=19 km=<UNITY_VERSION=202139> pKW=UNITY_ENABLE_REFLECTION_BUFFERS UNITY_USE_DITHER_MASK_FOR_ALPHABLENDED_SHADOWS UNITY_PBS_USE_BRDF1 UNITY_SPECCUBE_BOX_PROJECTION UNITY_SPECCUBE_BLENDING UNITY_ENABLE_DETAIL_NORMALMAP SHADER_API_DESKTOP UNITY_LIGHT_PROBE_PROXY_VOLUME UNITY_LIGHTMAP_FULL_HDR uKW=SHADER_STAGE_COMPUTE platform=d3d11 flags=0 reqs=16385 forceDXC=0 forceFXC=0  error: 1 plat 4 at Simulator.compute(104): 'UnNormalizeVelocity': implicit truncation of vector type
  error: 1 plat 4 at Simulator.compute(135): signed/unsigned mismatch, unsigned assumed
  error: 1 plat 4 at Simulator.compute(136): signed/unsigned mismatch, unsigned assumed
  error: 1 plat 4 at Simulator.compute(137): signed/unsigned mismatch, unsigned assumed
  error: 1 plat 4 at Simulator.compute(183): signed/unsigned mismatch, unsigned assumed
  error: 1 plat 4 at Simulator.compute(184): signed/unsigned mismatch, unsigned assumed
  error: 1 plat 4 at Simulator.compute(185): signed/unsigned mismatch, unsigned assumed
 ok=1 outsize=224

Cmd: compileComputeKernel
  insize=8676 file=Assets/ParticleTest/Simulator.compute kernel=InitVelocity cachingPP=1 ppOnly=0 stripLineD=0 buildPlatform=19 km=<UNITY_VERSION=202139> pKW=UNITY_ENABLE_REFLECTION_BUFFERS UNITY_USE_DITHER_MASK_FOR_ALPHABLENDED_SHADOWS UNITY_PBS_USE_BRDF1 UNITY_SPECCUBE_BOX_PROJECTION UNITY_SPECCUBE_BLENDING UNITY_ENABLE_DETAIL_NORMALMAP SHADER_API_DESKTOP UNITY_LIGHT_PROBE_PROXY_VOLUME UNITY_LIGHTMAP_FULL_HDR uKW=SHADER_STAGE_COMPUTE platform=d3d11 flags=0 reqs=16385 forceDXC=0 forceFXC=0  error: 1 plat 4 at Simulator.compute(111): 'UnNormalizeVelocity': implicit truncation of vector type
  error: 1 plat 4 at Simulator.compute(192): implicit truncation of vector type
  error: 1 plat 4 at Simulator.compute(253): signed/unsigned mismatch, unsigned assumed
  error: 1 plat 4 at Simulator.compute(254): signed/unsigned mismatch, unsigned assumed
  error: 1 plat 4 at Simulator.compute(255): signed/unsigned mismatch, unsigned assumed
 ok=1 outsize=323

Cmd: compileComputeKernel
  insize=8679 file=Assets/ParticleTest/Simulator.compute kernel=Pressure cachingPP=1 ppOnly=0 stripLineD=0 buildPlatform=19 km=<UNITY_VERSION=202139> pKW=UNITY_ENABLE_REFLECTION_BUFFERS UNITY_USE_DITHER_MASK_FOR_ALPHABLENDED_SHADOWS UNITY_PBS_USE_BRDF1 UNITY_SPECCUBE_BOX_PROJECTION UNITY_SPECCUBE_BLENDING UNITY_ENABLE_DETAIL_NORMALMAP SHADER_API_DESKTOP UNITY_LIGHT_PROBE_PROXY_VOLUME UNITY_LIGHTMAP_FULL_HDR uKW=SHADER_STAGE_COMPUTE platform=d3d11 flags=0 reqs=16385 forceDXC=0 forceFXC=0  error: 1 plat 4 at Simulator.compute(111): 'UnNormalizeVelocity': implicit truncation of vector type
  error: 1 plat 4 at Simulator.compute(192): implicit truncation of vector type
  error: 1 plat 4 at Simulator.compute(253): signed/unsigned mismatch, unsigned assumed
  error: 1 plat 4 at Simulator.compute(254): signed/unsigned mismatch, unsigned assumed
  error: 1 plat 4 at Simulator.compute(255): signed/unsigned mismatch, unsigned assumed
 ok=1 outsize=1502

Cmd: compileComputeKernel
  insize=8631 file=Assets/ParticleTest/Simulator.compute kernel=Diffuse cachingPP=1 ppOnly=0 stripLineD=0 buildPlatform=19 km=<UNITY_VERSION=202139> pKW=UNITY_ENABLE_REFLECTION_BUFFERS UNITY_USE_DITHER_MASK_FOR_ALPHABLENDED_SHADOWS UNITY_PBS_USE_BRDF1 UNITY_SPECCUBE_BOX_PROJECTION UNITY_SPECCUBE_BLENDING UNITY_ENABLE_DETAIL_NORMALMAP SHADER_API_DESKTOP UNITY_LIGHT_PROBE_PROXY_VOLUME UNITY_LIGHTMAP_FULL_HDR uKW=SHADER_STAGE_COMPUTE platform=d3d11 flags=0 reqs=16385 forceDXC=0 forceFXC=0  error: 1 plat 4 at Simulator.compute(111): 'UnNormalizeVelocity': implicit truncation of vector type
  error: 1 plat 4 at Simulator.compute(191): implicit truncation of vector type
  error: 1 plat 4 at Simulator.compute(252): signed/unsigned mismatch, unsigned assumed
  error: 1 plat 4 at Simulator.compute(253): signed/unsigned mismatch, unsigned assumed
  error: 1 plat 4 at Simulator.compute(254): signed/unsigned mismatch, unsigned assumed
 ok=1 outsize=1981

Cmd: compileComputeKernel
  insize=8723 file=Assets/ParticleTest/Simulator.compute kernel=Sample cachingPP=1 ppOnly=0 stripLineD=0 buildPlatform=19 km=<UNITY_VERSION=202139> pKW=UNITY_ENABLE_REFLECTION_BUFFERS UNITY_USE_DITHER_MASK_FOR_ALPHABLENDED_SHADOWS UNITY_PBS_USE_BRDF1 UNITY_SPECCUBE_BOX_PROJECTION UNITY_SPECCUBE_BLENDING UNITY_ENABLE_DETAIL_NORMALMAP SHADER_API_DESKTOP UNITY_LIGHT_PROBE_PROXY_VOLUME UNITY_LIGHTMAP_FULL_HDR uKW=SHADER_STAGE_COMPUTE platform=d3d11 flags=0 reqs=16385 forceDXC=0 forceFXC=0  error: 1 plat 4 at Simulator.compute(111): 'UnNormalizeVelocity': implicit truncation of vector type
  error: 2 plat 4 at Simulator.compute(114): redefinition of 'a'
 ok=0 outsize=0

Cmd: compileComputeKernel
  insize=8658 file=Assets/ParticleTest/Simulator.compute kernel=Diffuse cachingPP=1 ppOnly=0 stripLineD=0 buildPlatform=19 km=<UNITY_VERSION=202139> pKW=UNITY_ENABLE_REFLECTION_BUFFERS UNITY_USE_DITHER_MASK_FOR_ALPHABLENDED_SHADOWS UNITY_PBS_USE_BRDF1 UNITY_SPECCUBE_BOX_PROJECTION UNITY_SPECCUBE_BLENDING UNITY_ENABLE_DETAIL_NORMALMAP SHADER_API_DESKTOP UNITY_LIGHT_PROBE_PROXY_VOLUME UNITY_LIGHTMAP_FULL_HDR uKW=SHADER_STAGE_COMPUTE platform=d3d11 flags=0 reqs=16385 forceDXC=0 forceFXC=0  error: 1 plat 4 at Simulator.compute(111): 'UnNormalizeVelocity': implicit truncation of vector type
  error: 1 plat 4 at Simulator.compute(191): implicit truncation of vector type
  error: 1 plat 4 at Simulator.compute(252): signed/unsigned mismatch, unsigned assumed
  error: 1 plat 4 at Simulator.compute(253): signed/unsigned mismatch, unsigned assumed
  error: 1 plat 4 at Simulator.compute(254): signed/unsigned mismatch, unsigned assumed
 ok=1 outsize=2069

Cmd: compileComputeKernel
  insize=8893 file=Assets/ParticleTest/Simulator.compute kernel=Vortex cachingPP=1 ppOnly=0 stripLineD=0 buildPlatform=19 km=<UNITY_VERSION=202139> pKW=UNITY_ENABLE_REFLECTION_BUFFERS UNITY_USE_DITHER_MASK_FOR_ALPHABLENDED_SHADOWS UNITY_PBS_USE_BRDF1 UNITY_SPECCUBE_BOX_PROJECTION UNITY_SPECCUBE_BLENDING UNITY_ENABLE_DETAIL_NORMALMAP SHADER_API_DESKTOP UNITY_LIGHT_PROBE_PROXY_VOLUME UNITY_LIGHTMAP_FULL_HDR uKW=SHADER_STAGE_COMPUTE platform=d3d11 flags=0 reqs=16385 forceDXC=0 forceFXC=0  error: 1 plat 4 at Simulator.compute(84): implicit truncation of vector type
  error: 1 plat 4 at Simulator.compute(85): 'distance': implicit truncation of vector type
  error: 1 plat 4 at Simulator.compute(117): 'UnNormalizeVelocity': implicit truncation of vector type
  error: 1 plat 4 at Simulator.compute(197): implicit truncation of vector type
  error: 1 plat 4 at Simulator.compute(258): signed/unsigned mismatch, unsigned assumed
  error: 1 plat 4 at Simulator.compute(259): signed/unsigned mismatch, unsigned assumed
  error: 1 plat 4 at Simulator.compute(260): signed/unsigned mismatch, unsigned assumed
 ok=1 outsize=223

Cmd: compileComputeKernel
  insize=8914 file=Assets/ParticleTest/Simulator.compute kernel=Project cachingPP=1 ppOnly=0 stripLineD=0 buildPlatform=19 km=<UNITY_VERSION=202139> pKW=UNITY_ENABLE_REFLECTION_BUFFERS UNITY_USE_DITHER_MASK_FOR_ALPHABLENDED_SHADOWS UNITY_PBS_USE_BRDF1 UNITY_SPECCUBE_BOX_PROJECTION UNITY_SPECCUBE_BLENDING UNITY_ENABLE_DETAIL_NORMALMAP SHADER_API_DESKTOP UNITY_LIGHT_PROBE_PROXY_VOLUME UNITY_LIGHTMAP_FULL_HDR uKW=SHADER_STAGE_COMPUTE platform=d3d11 flags=0 reqs=16385 forceDXC=0 forceFXC=0  error: 1 plat 4 at Simulator.compute(85): implicit truncation of vector type
  error: 1 plat 4 at Simulator.compute(86): 'distance': implicit truncation of vector type
  error: 1 plat 4 at Simulator.compute(118): 'UnNormalizeVelocity': implicit truncation of vector type
  error: 1 plat 4 at Simulator.compute(198): implicit truncation of vector type
  error: 1 plat 4 at Simulator.compute(259): signed/unsigned mismatch, unsigned assumed
  error: 1 plat 4 at Simulator.compute(260): signed/unsigned mismatch, unsigned assumed
  error: 1 plat 4 at Simulator.compute(261): signed/unsigned mismatch, unsigned assumed
 ok=1 outsize=1556

Cmd: compileComputeKernel
  insize=9124 file=Assets/ParticleTest/Simulator.compute kernel=Project cachingPP=1 ppOnly=0 stripLineD=0 buildPlatform=19 km=<UNITY_VERSION=202139> pKW=UNITY_ENABLE_REFLECTION_BUFFERS UNITY_USE_DITHER_MASK_FOR_ALPHABLENDED_SHADOWS UNITY_PBS_USE_BRDF1 UNITY_SPECCUBE_BOX_PROJECTION UNITY_SPECCUBE_BLENDING UNITY_ENABLE_DETAIL_NORMALMAP SHADER_API_DESKTOP UNITY_LIGHT_PROBE_PROXY_VOLUME UNITY_LIGHTMAP_FULL_HDR uKW=SHADER_STAGE_COMPUTE platform=d3d11 flags=0 reqs=16385 forceDXC=0 forceFXC=0  error: 1 plat 4 at Simulator.compute(91): implicit truncation of vector type
  error: 1 plat 4 at Simulator.compute(92): 'distance': implicit truncation of vector type
  error: 1 plat 4 at Simulator.compute(129): 'UnNormalizeVelocity': implicit truncation of vector type
  error: 1 plat 4 at Simulator.compute(221): implicit truncation of vector type
  error: 1 plat 4 at Simulator.compute(282): signed/unsigned mismatch, unsigned assumed
  error: 1 plat 4 at Simulator.compute(283): signed/unsigned mismatch, unsigned assumed
  error: 1 plat 4 at Simulator.compute(284): signed/unsigned mismatch, unsigned assumed
 ok=1 outsize=1556

Cmd: compileComputeKernel
  insize=9124 file=Assets/ParticleTest/Simulator.compute kernel=Vortex cachingPP=1 ppOnly=0 stripLineD=0 buildPlatform=19 km=<UNITY_VERSION=202139> pKW=UNITY_ENABLE_REFLECTION_BUFFERS UNITY_USE_DITHER_MASK_FOR_ALPHABLENDED_SHADOWS UNITY_PBS_USE_BRDF1 UNITY_SPECCUBE_BOX_PROJECTION UNITY_SPECCUBE_BLENDING UNITY_ENABLE_DETAIL_NORMALMAP SHADER_API_DESKTOP UNITY_LIGHT_PROBE_PROXY_VOLUME UNITY_LIGHTMAP_FULL_HDR uKW=SHADER_STAGE_COMPUTE platform=d3d11 flags=0 reqs=16385 forceDXC=0 forceFXC=0  error: 1 plat 4 at Simulator.compute(91): implicit truncation of vector type
  error: 1 plat 4 at Simulator.compute(92): 'distance': implicit truncation of vector type
  error: 1 plat 4 at Simulator.compute(129): 'UnNormalizeVelocity': implicit truncation of vector type
  error: 1 plat 4 at Simulator.compute(221): implicit truncation of vector type
  error: 1 plat 4 at Simulator.compute(282): signed/unsigned mismatch, unsigned assumed
  error: 1 plat 4 at Simulator.compute(283): signed/unsigned mismatch, unsigned assumed
  error: 1 plat 4 at Simulator.compute(284): signed/unsigned mismatch, unsigned assumed
 ok=1 outsize=223

Cmd: compileComputeKernel
  insize=9089 file=Assets/ParticleTest/Simulator.compute kernel=InitVelocity cachingPP=1 ppOnly=0 stripLineD=0 buildPlatform=19 km=<UNITY_VERSION=202139> pKW=UNITY_ENABLE_REFLECTION_BUFFERS UNITY_USE_DITHER_MASK_FOR_ALPHABLENDED_SHADOWS UNITY_PBS_USE_BRDF1 UNITY_SPECCUBE_BOX_PROJECTION UNITY_SPECCUBE_BLENDING UNITY_ENABLE_DETAIL_NORMALMAP SHADER_API_DESKTOP UNITY_LIGHT_PROBE_PROXY_VOLUME UNITY_LIGHTMAP_FULL_HDR uKW=SHADER_STAGE_COMPUTE platform=d3d11 flags=0 reqs=16385 forceDXC=0 forceFXC=0  error: 1 plat 4 at Simulator.compute(91): implicit truncation of vector type
  error: 1 plat 4 at Simulator.compute(92): 'distance': implicit truncation of vector type
  error: 1 plat 4 at Simulator.compute(129): 'UnNormalizeVelocity': implicit truncation of vector type
  error: 2 plat 4 at Simulator.compute(170): invalid type for index - index must be a scalar, or a vector with the correct number of dimensions
 ok=0 outsize=0

Cmd: compileComputeKernel
  insize=9501 file=Assets/ParticleTest/Simulator.compute kernel=AddSource cachingPP=1 ppOnly=0 stripLineD=0 buildPlatform=19 km=<UNITY_VERSION=202139> pKW=UNITY_ENABLE_REFLECTION_BUFFERS UNITY_USE_DITHER_MASK_FOR_ALPHABLENDED_SHADOWS UNITY_PBS_USE_BRDF1 UNITY_SPECCUBE_BOX_PROJECTION UNITY_SPECCUBE_BLENDING UNITY_ENABLE_DETAIL_NORMALMAP SHADER_API_DESKTOP UNITY_LIGHT_PROBE_PROXY_VOLUME UNITY_LIGHTMAP_FULL_HDR uKW=SHADER_STAGE_COMPUTE platform=d3d11 flags=0 reqs=16385 forceDXC=0 forceFXC=0  error: 1 plat 4 at Simulator.compute(95): implicit truncation of vector type
  error: 1 plat 4 at Simulator.compute(96): 'distance': implicit truncation of vector type
  error: 1 plat 4 at Simulator.compute(133): 'UnNormalizeVelocity': implicit truncation of vector type
  error: 1 plat 4 at Simulator.compute(292): signed/unsigned mismatch, unsigned assumed
  error: 1 plat 4 at Simulator.compute(293): signed/unsigned mismatch, unsigned assumed
  error: 1 plat 4 at Simulator.compute(294): signed/unsigned mismatch, unsigned assumed
 ok=1 outsize=11453

Cmd: compileComputeKernel
  insize=9462 file=Assets/ParticleTest/Simulator.compute kernel=InitVelocity cachingPP=1 ppOnly=0 stripLineD=0 buildPlatform=19 km=<UNITY_VERSION=202139> pKW=UNITY_ENABLE_REFLECTION_BUFFERS UNITY_USE_DITHER_MASK_FOR_ALPHABLENDED_SHADOWS UNITY_PBS_USE_BRDF1 UNITY_SPECCUBE_BOX_PROJECTION UNITY_SPECCUBE_BLENDING UNITY_ENABLE_DETAIL_NORMALMAP SHADER_API_DESKTOP UNITY_LIGHT_PROBE_PROXY_VOLUME UNITY_LIGHTMAP_FULL_HDR uKW=SHADER_STAGE_COMPUTE platform=d3d11 flags=0 reqs=16385 forceDXC=0 forceFXC=0  error: 1 plat 4 at Simulator.compute(95): implicit truncation of vector type
  error: 1 plat 4 at Simulator.compute(96): 'distance': implicit truncation of vector type
  error: 1 plat 4 at Simulator.compute(133): 'UnNormalizeVelocity': implicit truncation of vector type
  error: 1 plat 4 at Simulator.compute(290): signed/unsigned mismatch, unsigned assumed
  error: 1 plat 4 at Simulator.compute(291): signed/unsigned mismatch, unsigned assumed
  error: 1 plat 4 at Simulator.compute(292): signed/unsigned mismatch, unsigned assumed
 ok=1 outsize=323

Cmd: compileComputeKernel
  insize=9373 file=Assets/ParticleTest/Simulator.compute kernel=Vortex cachingPP=1 ppOnly=0 stripLineD=0 buildPlatform=19 km=<UNITY_VERSION=202139> pKW=UNITY_ENABLE_REFLECTION_BUFFERS UNITY_USE_DITHER_MASK_FOR_ALPHABLENDED_SHADOWS UNITY_PBS_USE_BRDF1 UNITY_SPECCUBE_BOX_PROJECTION UNITY_SPECCUBE_BLENDING UNITY_ENABLE_DETAIL_NORMALMAP SHADER_API_DESKTOP UNITY_LIGHT_PROBE_PROXY_VOLUME UNITY_LIGHTMAP_FULL_HDR uKW=SHADER_STAGE_COMPUTE platform=d3d11 flags=0 reqs=16385 forceDXC=0 forceFXC=0  error: 1 plat 4 at Simulator.compute(95): implicit truncation of vector type
  error: 1 plat 4 at Simulator.compute(96): 'distance': implicit truncation of vector type
  error: 1 plat 4 at Simulator.compute(133): 'UnNormalizeVelocity': implicit truncation of vector type
  error: 1 plat 4 at Simulator.compute(284): signed/unsigned mismatch, unsigned assumed
  error: 1 plat 4 at Simulator.compute(285): signed/unsigned mismatch, unsigned assumed
  error: 1 plat 4 at Simulator.compute(286): signed/unsigned mismatch, unsigned assumed
 ok=1 outsize=223

Cmd: compileComputeKernel
  insize=9446 file=Assets/ParticleTest/Simulator.compute kernel=InitVelocity cachingPP=1 ppOnly=0 stripLineD=0 buildPlatform=19 km=<UNITY_VERSION=202139> pKW=UNITY_ENABLE_REFLECTION_BUFFERS UNITY_USE_DITHER_MASK_FOR_ALPHABLENDED_SHADOWS UNITY_PBS_USE_BRDF1 UNITY_SPECCUBE_BOX_PROJECTION UNITY_SPECCUBE_BLENDING UNITY_ENABLE_DETAIL_NORMALMAP SHADER_API_DESKTOP UNITY_LIGHT_PROBE_PROXY_VOLUME UNITY_LIGHTMAP_FULL_HDR uKW=SHADER_STAGE_COMPUTE platform=d3d11 flags=0 reqs=16385 forceDXC=0 forceFXC=0  error: 1 plat 4 at Simulator.compute(95): implicit truncation of vector type
  error: 1 plat 4 at Simulator.compute(96): 'distance': implicit truncation of vector type
  error: 1 plat 4 at Simulator.compute(133): 'UnNormalizeVelocity': implicit truncation of vector type
  error: 1 plat 4 at Simulator.compute(278): signed/unsigned mismatch, unsigned assumed
  error: 1 plat 4 at Simulator.compute(279): signed/unsigned mismatch, unsigned assumed
  error: 1 plat 4 at Simulator.compute(280): signed/unsigned mismatch, unsigned assumed
 ok=1 outsize=323

Cmd: compileComputeKernel
  insize=9615 file=Assets/ParticleTest/Simulator.compute kernel=Vortex cachingPP=1 ppOnly=0 stripLineD=0 buildPlatform=19 km=<UNITY_VERSION=202139> pKW=UNITY_ENABLE_REFLECTION_BUFFERS UNITY_USE_DITHER_MASK_FOR_ALPHABLENDED_SHADOWS UNITY_PBS_USE_BRDF1 UNITY_SPECCUBE_BOX_PROJECTION UNITY_SPECCUBE_BLENDING UNITY_ENABLE_DETAIL_NORMALMAP SHADER_API_DESKTOP UNITY_LIGHT_PROBE_PROXY_VOLUME UNITY_LIGHTMAP_FULL_HDR uKW=SHADER_STAGE_COMPUTE platform=d3d11 flags=0 reqs=16385 forceDXC=0 forceFXC=0  error: 1 plat 4 at Simulator.compute(140): 'UnNormalizeVelocity': implicit truncation of vector type
  error: 1 plat 4 at Simulator.compute(285): signed/unsigned mismatch, unsigned assumed
  error: 1 plat 4 at Simulator.compute(286): signed/unsigned mismatch, unsigned assumed
  error: 1 plat 4 at Simulator.compute(287): signed/unsigned mismatch, unsigned assumed
 ok=1 outsize=223

Cmd: compileComputeKernel
  insize=9615 file=Assets/ParticleTest/Simulator.compute kernel=Diffuse cachingPP=1 ppOnly=0 stripLineD=0 buildPlatform=19 km=<UNITY_VERSION=202139> pKW=UNITY_ENABLE_REFLECTION_BUFFERS UNITY_USE_DITHER_MASK_FOR_ALPHABLENDED_SHADOWS UNITY_PBS_USE_BRDF1 UNITY_SPECCUBE_BOX_PROJECTION UNITY_SPECCUBE_BLENDING UNITY_ENABLE_DETAIL_NORMALMAP SHADER_API_DESKTOP UNITY_LIGHT_PROBE_PROXY_VOLUME UNITY_LIGHTMAP_FULL_HDR uKW=SHADER_STAGE_COMPUTE platform=d3d11 flags=0 reqs=16385 forceDXC=0 forceFXC=0  error: 1 plat 4 at Simulator.compute(140): 'UnNormalizeVelocity': implicit truncation of vector type
  error: 1 plat 4 at Simulator.compute(285): signed/unsigned mismatch, unsigned assumed
  error: 1 plat 4 at Simulator.compute(286): signed/unsigned mismatch, unsigned assumed
  error: 1 plat 4 at Simulator.compute(287): signed/unsigned mismatch, unsigned assumed
 ok=1 outsize=2069

Cmd: compileComputeKernel
  insize=9609 file=Assets/ParticleTest/Simulator.compute kernel=Pressure cachingPP=1 ppOnly=0 stripLineD=0 buildPlatform=19 km=<UNITY_VERSION=202139> pKW=UNITY_ENABLE_REFLECTION_BUFFERS UNITY_USE_DITHER_MASK_FOR_ALPHABLENDED_SHADOWS UNITY_PBS_USE_BRDF1 UNITY_SPECCUBE_BOX_PROJECTION UNITY_SPECCUBE_BLENDING UNITY_ENABLE_DETAIL_NORMALMAP SHADER_API_DESKTOP UNITY_LIGHT_PROBE_PROXY_VOLUME UNITY_LIGHTMAP_FULL_HDR uKW=SHADER_STAGE_COMPUTE platform=d3d11 flags=0 reqs=16385 forceDXC=0 forceFXC=0  error: 1 plat 4 at Simulator.compute(140): 'UnNormalizeVelocity': implicit truncation of vector type
  error: 1 plat 4 at Simulator.compute(285): signed/unsigned mismatch, unsigned assumed
  error: 1 plat 4 at Simulator.compute(286): signed/unsigned mismatch, unsigned assumed
  error: 1 plat 4 at Simulator.compute(287): signed/unsigned mismatch, unsigned assumed
 ok=1 outsize=2242

Cmd: compileComputeKernel
  insize=9667 file=Assets/ParticleTest/Simulator.compute kernel=Advect cachingPP=1 ppOnly=0 stripLineD=0 buildPlatform=19 km=<UNITY_VERSION=202139> pKW=UNITY_ENABLE_REFLECTION_BUFFERS UNITY_USE_DITHER_MASK_FOR_ALPHABLENDED_SHADOWS UNITY_PBS_USE_BRDF1 UNITY_SPECCUBE_BOX_PROJECTION UNITY_SPECCUBE_BLENDING UNITY_ENABLE_DETAIL_NORMALMAP SHADER_API_DESKTOP UNITY_LIGHT_PROBE_PROXY_VOLUME UNITY_LIGHTMAP_FULL_HDR uKW=SHADER_STAGE_COMPUTE platform=d3d11 flags=0 reqs=16385 forceDXC=0 forceFXC=0  error: 1 plat 4 at Simulator.compute(141): 'UnNormalizeVelocity': implicit truncation of vector type
  error: 1 plat 4 at Simulator.compute(286): signed/unsigned mismatch, unsigned assumed
  error: 1 plat 4 at Simulator.compute(287): signed/unsigned mismatch, unsigned assumed
  error: 1 plat 4 at Simulator.compute(288): signed/unsigned mismatch, unsigned assumed
 ok=1 outsize=1171

Cmd: compileComputeKernel
  insize=9678 file=Assets/ParticleTest/Simulator.compute kernel=Diffuse cachingPP=1 ppOnly=0 stripLineD=0 buildPlatform=19 km=<UNITY_VERSION=202139> pKW=UNITY_ENABLE_REFLECTION_BUFFERS UNITY_USE_DITHER_MASK_FOR_ALPHABLENDED_SHADOWS UNITY_PBS_USE_BRDF1 UNITY_SPECCUBE_BOX_PROJECTION UNITY_SPECCUBE_BLENDING UNITY_ENABLE_DETAIL_NORMALMAP SHADER_API_DESKTOP UNITY_LIGHT_PROBE_PROXY_VOLUME UNITY_LIGHTMAP_FULL_HDR uKW=SHADER_STAGE_COMPUTE platform=d3d11 flags=0 reqs=16385 forceDXC=0 forceFXC=0  error: 1 plat 4 at Simulator.compute(141): 'UnNormalizeVelocity': implicit truncation of vector type
  error: 1 plat 4 at Simulator.compute(286): signed/unsigned mismatch, unsigned assumed
  error: 1 plat 4 at Simulator.compute(287): signed/unsigned mismatch, unsigned assumed
  error: 1 plat 4 at Simulator.compute(288): signed/unsigned mismatch, unsigned assumed
 ok=1 outsize=2069

Cmd: compileComputeKernel
  insize=9623 file=Assets/ParticleTest/Simulator.compute kernel=AddSource cachingPP=1 ppOnly=0 stripLineD=0 buildPlatform=19 km=<UNITY_VERSION=202139> pKW=UNITY_ENABLE_REFLECTION_BUFFERS UNITY_USE_DITHER_MASK_FOR_ALPHABLENDED_SHADOWS UNITY_PBS_USE_BRDF1 UNITY_SPECCUBE_BOX_PROJECTION UNITY_SPECCUBE_BLENDING UNITY_ENABLE_DETAIL_NORMALMAP SHADER_API_DESKTOP UNITY_LIGHT_PROBE_PROXY_VOLUME UNITY_LIGHTMAP_FULL_HDR uKW=SHADER_STAGE_COMPUTE platform=d3d11 flags=0 reqs=16385 forceDXC=0 forceFXC=0  error: 1 plat 4 at Simulator.compute(140): 'UnNormalizeVelocity': implicit truncation of vector type
  error: 1 plat 4 at Simulator.compute(285): signed/unsigned mismatch, unsigned assumed
  error: 1 plat 4 at Simulator.compute(286): signed/unsigned mismatch, unsigned assumed
  error: 1 plat 4 at Simulator.compute(287): signed/unsigned mismatch, unsigned assumed
 ok=1 outsize=11645

Cmd: compileComputeKernel
  insize=9623 file=Assets/ParticleTest/Simulator.compute kernel=Pressure cachingPP=1 ppOnly=0 stripLineD=0 buildPlatform=19 km=<UNITY_VERSION=202139> pKW=UNITY_ENABLE_REFLECTION_BUFFERS UNITY_USE_DITHER_MASK_FOR_ALPHABLENDED_SHADOWS UNITY_PBS_USE_BRDF1 UNITY_SPECCUBE_BOX_PROJECTION UNITY_SPECCUBE_BLENDING UNITY_ENABLE_DETAIL_NORMALMAP SHADER_API_DESKTOP UNITY_LIGHT_PROBE_PROXY_VOLUME UNITY_LIGHTMAP_FULL_HDR uKW=SHADER_STAGE_COMPUTE platform=d3d11 flags=0 reqs=16385 forceDXC=0 forceFXC=0  error: 1 plat 4 at Simulator.compute(140): 'UnNormalizeVelocity': implicit truncation of vector type
  error: 1 plat 4 at Simulator.compute(285): signed/unsigned mismatch, unsigned assumed
  error: 1 plat 4 at Simulator.compute(286): signed/unsigned mismatch, unsigned assumed
  error: 1 plat 4 at Simulator.compute(287): signed/unsigned mismatch, unsigned assumed
 ok=1 outsize=2242

Cmd: compileComputeKernel
  insize=11625 file=Assets/ParticleTest/Simulator.compute kernel=Pressure cachingPP=1 ppOnly=0 stripLineD=0 buildPlatform=19 km=<UNITY_VERSION=202139> pKW=UNITY_ENABLE_REFLECTION_BUFFERS UNITY_USE_DITHER_MASK_FOR_ALPHABLENDED_SHADOWS UNITY_PBS_USE_BRDF1 UNITY_SPECCUBE_BOX_PROJECTION UNITY_SPECCUBE_BLENDING UNITY_ENABLE_DETAIL_NORMALMAP SHADER_API_DESKTOP UNITY_LIGHT_PROBE_PROXY_VOLUME UNITY_LIGHTMAP_FULL_HDR uKW=SHADER_STAGE_COMPUTE platform=d3d11 flags=0 reqs=16385 forceDXC=0 forceFXC=0  error: 1 plat 4 at Simulator.compute(140): 'UnNormalizeVelocity': implicit truncation of vector type
  error: 1 plat 4 at Simulator.compute(330): signed/unsigned mismatch, unsigned assumed
  error: 1 plat 4 at Simulator.compute(331): signed/unsigned mismatch, unsigned assumed
  error: 1 plat 4 at Simulator.compute(332): signed/unsigned mismatch, unsigned assumed
 ok=1 outsize=2242

Cmd: compileComputeKernel
  insize=10116 file=Assets/ParticleTest/Simulator.compute kernel=InitVelocity cachingPP=1 ppOnly=0 stripLineD=0 buildPlatform=19 km=<UNITY_VERSION=202139> pKW=UNITY_ENABLE_REFLECTION_BUFFERS UNITY_USE_DITHER_MASK_FOR_ALPHABLENDED_SHADOWS UNITY_PBS_USE_BRDF1 UNITY_SPECCUBE_BOX_PROJECTION UNITY_SPECCUBE_BLENDING UNITY_ENABLE_DETAIL_NORMALMAP SHADER_API_DESKTOP UNITY_LIGHT_PROBE_PROXY_VOLUME UNITY_LIGHTMAP_FULL_HDR uKW=SHADER_STAGE_COMPUTE platform=d3d11 flags=0 reqs=16385 forceDXC=0 forceFXC=0  error: 1 plat 4 at Simulator.compute(150): 'UnNormalizeVelocity': implicit truncation of vector type
  error: 1 plat 4 at Simulator.compute(294): signed/unsigned mismatch, unsigned assumed
  error: 1 plat 4 at Simulator.compute(295): signed/unsigned mismatch, unsigned assumed
  error: 1 plat 4 at Simulator.compute(296): signed/unsigned mismatch, unsigned assumed
 ok=1 outsize=323

Cmd: shutdown
